make[1]: Entering directory '/home/user/Desktop/router-throughput-test'
iperf3 --client 10.100.10.1 --parallel 2 --bidir
Connecting to host 10.100.10.1, port 5201
[  5] local 10.100.10.145 port 36340 connected to 10.100.10.1 port 5201
[  7] local 10.100.10.145 port 36342 connected to 10.100.10.1 port 5201
[  9] local 10.100.10.145 port 36344 connected to 10.100.10.1 port 5201
[ 11] local 10.100.10.145 port 36346 connected to 10.100.10.1 port 5201
[ ID][Role] Interval           Transfer     Bitrate         Retr  Cwnd
[  5][TX-C]   0.00-1.00   sec  61.7 MBytes   517 Mbits/sec    0    549 KBytes       
[  7][TX-C]   0.00-1.00   sec  52.9 MBytes   443 Mbits/sec    0    523 KBytes       
[SUM][TX-C]   0.00-1.00   sec   115 MBytes   960 Mbits/sec    0             
[  9][RX-C]   0.00-1.00   sec  36.7 MBytes   308 Mbits/sec                  
[ 11][RX-C]   0.00-1.00   sec  64.8 MBytes   543 Mbits/sec                  
[SUM][RX-C]   0.00-1.00   sec   102 MBytes   851 Mbits/sec                  
- - - - - - - - - - - - - - - - - - - - - - - - -
[  5][TX-C]   1.00-2.00   sec  61.5 MBytes   516 Mbits/sec    0    648 KBytes       
[  7][TX-C]   1.00-2.00   sec  49.6 MBytes   416 Mbits/sec    0    563 KBytes       
[SUM][TX-C]   1.00-2.00   sec   111 MBytes   933 Mbits/sec    0             
[  9][RX-C]   1.00-2.00   sec  41.7 MBytes   350 Mbits/sec                  
[ 11][RX-C]   1.00-2.00   sec  61.1 MBytes   513 Mbits/sec                  
[SUM][RX-C]   1.00-2.00   sec   103 MBytes   863 Mbits/sec                  
- - - - - - - - - - - - - - - - - - - - - - - - -
[  5][TX-C]   2.00-3.00   sec  65.0 MBytes   545 Mbits/sec    0    677 KBytes       
[  7][TX-C]   2.00-3.00   sec  46.5 MBytes   390 Mbits/sec    0    590 KBytes       
[SUM][TX-C]   2.00-3.00   sec   111 MBytes   935 Mbits/sec    0             
[  9][RX-C]   2.00-3.00   sec  41.6 MBytes   349 Mbits/sec                  
[ 11][RX-C]   2.00-3.00   sec  62.0 MBytes   520 Mbits/sec                  
[SUM][RX-C]   2.00-3.00   sec   104 MBytes   869 Mbits/sec                  
- - - - - - - - - - - - - - - - - - - - - - - - -
[  5][TX-C]   3.00-4.00   sec  63.8 MBytes   535 Mbits/sec    0    718 KBytes       
[  7][TX-C]   3.00-4.00   sec  48.6 MBytes   408 Mbits/sec    0    619 KBytes       
[SUM][TX-C]   3.00-4.00   sec   112 MBytes   943 Mbits/sec    0             
[  9][RX-C]   3.00-4.00   sec  41.4 MBytes   348 Mbits/sec                  
[ 11][RX-C]   3.00-4.00   sec  62.0 MBytes   520 Mbits/sec                  
[SUM][RX-C]   3.00-4.00   sec   103 MBytes   868 Mbits/sec                  
- - - - - - - - - - - - - - - - - - - - - - - - -
[  5][TX-C]   4.00-5.00   sec  60.0 MBytes   503 Mbits/sec    0    718 KBytes       
[  7][TX-C]   4.00-5.00   sec  51.2 MBytes   429 Mbits/sec    0    619 KBytes       
[SUM][TX-C]   4.00-5.00   sec   111 MBytes   933 Mbits/sec    0             
[  9][RX-C]   4.00-5.00   sec  41.7 MBytes   350 Mbits/sec                  
[ 11][RX-C]   4.00-5.00   sec  60.8 MBytes   510 Mbits/sec                  
[SUM][RX-C]   4.00-5.00   sec   103 MBytes   860 Mbits/sec                  
- - - - - - - - - - - - - - - - - - - - - - - - -
[  5][TX-C]   5.00-6.00   sec  60.0 MBytes   503 Mbits/sec    0    718 KBytes       
[  7][TX-C]   5.00-6.00   sec  51.2 MBytes   430 Mbits/sec    0    619 KBytes       
[SUM][TX-C]   5.00-6.00   sec   111 MBytes   933 Mbits/sec    0             
[  9][RX-C]   5.00-6.00   sec  41.2 MBytes   346 Mbits/sec                  
[ 11][RX-C]   5.00-6.00   sec  61.5 MBytes   516 Mbits/sec                  
[SUM][RX-C]   5.00-6.00   sec   103 MBytes   862 Mbits/sec                  
- - - - - - - - - - - - - - - - - - - - - - - - -
[  5][TX-C]   6.00-7.00   sec  65.0 MBytes   543 Mbits/sec    0    718 KBytes       
[  7][TX-C]   6.00-7.01   sec  47.5 MBytes   396 Mbits/sec    0    619 KBytes       
[SUM][TX-C]   6.00-7.00   sec   112 MBytes   939 Mbits/sec    0             
[  9][RX-C]   6.00-7.01   sec  48.0 MBytes   401 Mbits/sec                  
[ 11][RX-C]   6.00-7.01   sec  55.4 MBytes   463 Mbits/sec                  
[SUM][RX-C]   6.00-7.00   sec   103 MBytes   864 Mbits/sec                  
- - - - - - - - - - - - - - - - - - - - - - - - -
[  5][TX-C]   7.00-8.00   sec  62.5 MBytes   527 Mbits/sec    0    718 KBytes       
[  7][TX-C]   7.01-8.00   sec  47.4 MBytes   400 Mbits/sec    0    649 KBytes       
[SUM][TX-C]   7.00-8.00   sec   110 MBytes   927 Mbits/sec    0             
[  9][RX-C]   7.01-8.00   sec  48.6 MBytes   410 Mbits/sec                  
[ 11][RX-C]   7.01-8.00   sec  53.5 MBytes   451 Mbits/sec                  
[SUM][RX-C]   7.00-8.00   sec   102 MBytes   861 Mbits/sec                  
- - - - - - - - - - - - - - - - - - - - - - - - -
[  5][TX-C]   8.00-9.00   sec  60.0 MBytes   503 Mbits/sec    0    718 KBytes       
[  7][TX-C]   8.00-9.00   sec  50.0 MBytes   419 Mbits/sec    0    679 KBytes       
[SUM][TX-C]   8.00-9.00   sec   110 MBytes   923 Mbits/sec    0             
[  9][RX-C]   8.00-9.00   sec  50.1 MBytes   420 Mbits/sec                  
[ 11][RX-C]   8.00-9.00   sec  52.7 MBytes   442 Mbits/sec                  
[SUM][RX-C]   8.00-9.00   sec   103 MBytes   863 Mbits/sec                  
- - - - - - - - - - - - - - - - - - - - - - - - -
[  5][TX-C]   9.00-10.00  sec  60.0 MBytes   503 Mbits/sec    0    718 KBytes       
[  7][TX-C]   9.00-10.00  sec  52.5 MBytes   440 Mbits/sec    0    679 KBytes       
[SUM][TX-C]   9.00-10.00  sec   112 MBytes   944 Mbits/sec    0             
[  9][RX-C]   9.00-10.00  sec  50.6 MBytes   425 Mbits/sec                  
[ 11][RX-C]   9.00-10.00  sec  52.0 MBytes   436 Mbits/sec                  
[SUM][RX-C]   9.00-10.00  sec   103 MBytes   860 Mbits/sec                  
- - - - - - - - - - - - - - - - - - - - - - - - -
[ ID][Role] Interval           Transfer     Bitrate         Retr
[  5][TX-C]   0.00-10.00  sec   619 MBytes   520 Mbits/sec    0             sender
[  5][TX-C]   0.00-10.00  sec   616 MBytes   517 Mbits/sec                  receiver
[  7][TX-C]   0.00-10.00  sec   497 MBytes   417 Mbits/sec    0             sender
[  7][TX-C]   0.00-10.00  sec   494 MBytes   414 Mbits/sec                  receiver
[SUM][TX-C]   0.00-10.00  sec  1.09 GBytes   937 Mbits/sec    0             sender
[SUM][TX-C]   0.00-10.00  sec  1.08 GBytes   931 Mbits/sec                  receiver
[  9][RX-C]   0.00-10.00  sec   445 MBytes   373 Mbits/sec    0             sender
[  9][RX-C]   0.00-10.00  sec   442 MBytes   370 Mbits/sec                  receiver
[ 11][RX-C]   0.00-10.00  sec   589 MBytes   494 Mbits/sec    0             sender
[ 11][RX-C]   0.00-10.00  sec   586 MBytes   491 Mbits/sec                  receiver
[SUM][RX-C]   0.00-10.00  sec  1.01 GBytes   867 Mbits/sec    0             sender
[SUM][RX-C]   0.00-10.00  sec  1.00 GBytes   862 Mbits/sec                  receiver

iperf Done.
make[1]: Leaving directory '/home/user/Desktop/router-throughput-test'
make[1]: Entering directory '/home/user/Desktop/router-throughput-test'
iperf3 --client 10.100.10.1 --parallel 2 --reverse
Connecting to host 10.100.10.1, port 5201
Reverse mode, remote host 10.100.10.1 is sending
[  5] local 10.100.10.145 port 36350 connected to 10.100.10.1 port 5201
[  7] local 10.100.10.145 port 36352 connected to 10.100.10.1 port 5201
[ ID] Interval           Transfer     Bitrate
[  5]   0.00-1.00   sec  43.1 MBytes   362 Mbits/sec                  
[  7]   0.00-1.00   sec  67.8 MBytes   569 Mbits/sec                  
[SUM]   0.00-1.00   sec   111 MBytes   931 Mbits/sec                  
- - - - - - - - - - - - - - - - - - - - - - - - -
[  5]   1.00-2.00   sec  44.5 MBytes   373 Mbits/sec                  
[  7]   1.00-2.00   sec  66.7 MBytes   560 Mbits/sec                  
[SUM]   1.00-2.00   sec   111 MBytes   933 Mbits/sec                  
- - - - - - - - - - - - - - - - - - - - - - - - -
[  5]   2.00-3.00   sec  44.5 MBytes   373 Mbits/sec                  
[  7]   2.00-3.00   sec  66.7 MBytes   560 Mbits/sec                  
[SUM]   2.00-3.00   sec   111 MBytes   933 Mbits/sec                  
- - - - - - - - - - - - - - - - - - - - - - - - -
[  5]   3.00-4.00   sec  52.0 MBytes   436 Mbits/sec                  
[  7]   3.00-4.00   sec  59.1 MBytes   496 Mbits/sec                  
[SUM]   3.00-4.00   sec   111 MBytes   932 Mbits/sec                  
- - - - - - - - - - - - - - - - - - - - - - - - -
[  5]   4.00-5.00   sec  51.6 MBytes   433 Mbits/sec                  
[  7]   4.00-5.00   sec  59.6 MBytes   499 Mbits/sec                  
[SUM]   4.00-5.00   sec   111 MBytes   933 Mbits/sec                  
- - - - - - - - - - - - - - - - - - - - - - - - -
[  5]   5.00-6.00   sec  55.1 MBytes   462 Mbits/sec                  
[  7]   5.00-6.00   sec  56.0 MBytes   470 Mbits/sec                  
[SUM]   5.00-6.00   sec   111 MBytes   932 Mbits/sec                  
- - - - - - - - - - - - - - - - - - - - - - - - -
[  5]   6.00-7.00   sec  55.1 MBytes   462 Mbits/sec                  
[  7]   6.00-7.00   sec  55.3 MBytes   464 Mbits/sec                  
[SUM]   6.00-7.00   sec   110 MBytes   926 Mbits/sec                  
- - - - - - - - - - - - - - - - - - - - - - - - -
[  5]   7.00-8.00   sec  55.4 MBytes   465 Mbits/sec                  
[  7]   7.00-8.00   sec  55.2 MBytes   463 Mbits/sec                  
[SUM]   7.00-8.00   sec   111 MBytes   928 Mbits/sec                  
- - - - - - - - - - - - - - - - - - - - - - - - -
[  5]   8.00-9.00   sec  55.7 MBytes   467 Mbits/sec                  
[  7]   8.00-9.00   sec  55.5 MBytes   465 Mbits/sec                  
[SUM]   8.00-9.00   sec   111 MBytes   932 Mbits/sec                  
- - - - - - - - - - - - - - - - - - - - - - - - -
[  5]   9.00-10.00  sec  55.5 MBytes   466 Mbits/sec                  
[  7]   9.00-10.00  sec  55.7 MBytes   467 Mbits/sec                  
[SUM]   9.00-10.00  sec   111 MBytes   933 Mbits/sec                  
- - - - - - - - - - - - - - - - - - - - - - - - -
[ ID] Interval           Transfer     Bitrate         Retr
[  5]   0.00-10.00  sec   516 MBytes   433 Mbits/sec    0             sender
[  5]   0.00-10.00  sec   513 MBytes   430 Mbits/sec                  receiver
[  7]   0.00-10.00  sec   601 MBytes   504 Mbits/sec    0             sender
[  7]   0.00-10.00  sec   598 MBytes   501 Mbits/sec                  receiver
[SUM]   0.00-10.00  sec  1.09 GBytes   936 Mbits/sec    0             sender
[SUM]   0.00-10.00  sec  1.08 GBytes   931 Mbits/sec                  receiver

iperf Done.
make[1]: Leaving directory '/home/user/Desktop/router-throughput-test'
make[1]: Entering directory '/home/user/Desktop/router-throughput-test'
iperf3 --client 10.100.10.1 --parallel 2
Connecting to host 10.100.10.1, port 5201
[  5] local 10.100.10.145 port 36356 connected to 10.100.10.1 port 5201
[  7] local 10.100.10.145 port 36358 connected to 10.100.10.1 port 5201
[ ID] Interval           Transfer     Bitrate         Retr  Cwnd
[  5]   0.00-1.00   sec  69.2 MBytes   580 Mbits/sec    0    386 KBytes       
[  7]   0.00-1.00   sec  45.9 MBytes   385 Mbits/sec    0    283 KBytes       
[SUM]   0.00-1.00   sec   115 MBytes   966 Mbits/sec    0             
- - - - - - - - - - - - - - - - - - - - - - - - -
[  5]   1.00-2.00   sec  67.7 MBytes   568 Mbits/sec    0    386 KBytes       
[  7]   1.00-2.00   sec  45.1 MBytes   378 Mbits/sec    0    283 KBytes       
[SUM]   1.00-2.00   sec   113 MBytes   946 Mbits/sec    0             
- - - - - - - - - - - - - - - - - - - - - - - - -
[  5]   2.00-3.00   sec  66.9 MBytes   561 Mbits/sec    0    386 KBytes       
[  7]   2.00-3.00   sec  44.9 MBytes   376 Mbits/sec    0    283 KBytes       
[SUM]   2.00-3.00   sec   112 MBytes   937 Mbits/sec    0             
- - - - - - - - - - - - - - - - - - - - - - - - -
[  5]   3.00-4.00   sec  68.0 MBytes   570 Mbits/sec    0    404 KBytes       
[  7]   3.00-4.00   sec  44.8 MBytes   376 Mbits/sec    0    298 KBytes       
[SUM]   3.00-4.00   sec   113 MBytes   946 Mbits/sec    0             
- - - - - - - - - - - - - - - - - - - - - - - - -
[  5]   4.00-5.00   sec  61.8 MBytes   518 Mbits/sec    0    404 KBytes       
[  7]   4.00-5.00   sec  49.9 MBytes   419 Mbits/sec    0    339 KBytes       
[SUM]   4.00-5.00   sec   112 MBytes   937 Mbits/sec    0             
- - - - - - - - - - - - - - - - - - - - - - - - -
[  5]   5.00-6.00   sec  61.9 MBytes   519 Mbits/sec    0    404 KBytes       
[  7]   5.00-6.00   sec  50.9 MBytes   427 Mbits/sec    0    355 KBytes       
[SUM]   5.00-6.00   sec   113 MBytes   946 Mbits/sec    0             
- - - - - - - - - - - - - - - - - - - - - - - - -
[  5]   6.00-7.00   sec  60.7 MBytes   509 Mbits/sec    0    404 KBytes       
[  7]   6.00-7.00   sec  52.3 MBytes   438 Mbits/sec    0    355 KBytes       
[SUM]   6.00-7.00   sec   113 MBytes   947 Mbits/sec    0             
- - - - - - - - - - - - - - - - - - - - - - - - -
[  5]   7.00-8.00   sec  63.2 MBytes   531 Mbits/sec    0    535 KBytes       
[  7]   7.00-8.00   sec  48.9 MBytes   411 Mbits/sec    0    376 KBytes       
[SUM]   7.00-8.00   sec   112 MBytes   941 Mbits/sec    0             
- - - - - - - - - - - - - - - - - - - - - - - - -
[  5]   8.00-9.00   sec  64.3 MBytes   539 Mbits/sec    0    535 KBytes       
[  7]   8.00-9.00   sec  48.0 MBytes   403 Mbits/sec    0    376 KBytes       
[SUM]   8.00-9.00   sec   112 MBytes   942 Mbits/sec    0             
- - - - - - - - - - - - - - - - - - - - - - - - -
[  5]   9.00-10.00  sec  63.2 MBytes   530 Mbits/sec    0    535 KBytes       
[  7]   9.00-10.00  sec  49.0 MBytes   411 Mbits/sec    0    376 KBytes       
[SUM]   9.00-10.00  sec   112 MBytes   941 Mbits/sec    0             
- - - - - - - - - - - - - - - - - - - - - - - - -
[ ID] Interval           Transfer     Bitrate         Retr
[  5]   0.00-10.00  sec   647 MBytes   543 Mbits/sec    0             sender
[  5]   0.00-10.00  sec   645 MBytes   541 Mbits/sec                  receiver
[  7]   0.00-10.00  sec   480 MBytes   402 Mbits/sec    0             sender
[  7]   0.00-10.00  sec   478 MBytes   401 Mbits/sec                  receiver
[SUM]   0.00-10.00  sec  1.10 GBytes   945 Mbits/sec    0             sender
[SUM]   0.00-10.00  sec  1.10 GBytes   941 Mbits/sec                  receiver

iperf Done.
make[1]: Leaving directory '/home/user/Desktop/router-throughput-test'
make[1]: Entering directory '/home/user/Desktop/router-throughput-test'
iperf3 --client 10.100.10.1 --parallel 2 --bidir
Connecting to host 10.100.10.1, port 5201
[  5] local 10.100.10.145 port 36362 connected to 10.100.10.1 port 5201
[  7] local 10.100.10.145 port 36364 connected to 10.100.10.1 port 5201
[  9] local 10.100.10.145 port 36366 connected to 10.100.10.1 port 5201
[ 11] local 10.100.10.145 port 36368 connected to 10.100.10.1 port 5201
[ ID][Role] Interval           Transfer     Bitrate         Retr  Cwnd
[  5][TX-C]   0.00-1.00   sec  59.5 MBytes   499 Mbits/sec    0    595 KBytes       
[  7][TX-C]   0.00-1.00   sec  49.1 MBytes   412 Mbits/sec    0    492 KBytes       
[SUM][TX-C]   0.00-1.00   sec   109 MBytes   911 Mbits/sec    0             
[  9][RX-C]   0.00-1.00   sec  58.1 MBytes   488 Mbits/sec                  
[ 11][RX-C]   0.00-1.00   sec  45.2 MBytes   379 Mbits/sec                  
[SUM][RX-C]   0.00-1.00   sec   103 MBytes   866 Mbits/sec                  
- - - - - - - - - - - - - - - - - - - - - - - - -
[  5][TX-C]   1.00-2.00   sec  58.4 MBytes   489 Mbits/sec    0    595 KBytes       
[  7][TX-C]   1.00-2.00   sec  53.2 MBytes   446 Mbits/sec    0    571 KBytes       
[SUM][TX-C]   1.00-2.00   sec   112 MBytes   935 Mbits/sec    0             
[  9][RX-C]   1.00-2.00   sec  59.0 MBytes   495 Mbits/sec                  
[ 11][RX-C]   1.00-2.00   sec  43.7 MBytes   367 Mbits/sec                  
[SUM][RX-C]   1.00-2.00   sec   103 MBytes   862 Mbits/sec                  
- - - - - - - - - - - - - - - - - - - - - - - - -
[  5][TX-C]   2.00-3.00   sec  59.8 MBytes   502 Mbits/sec    0    622 KBytes       
[  7][TX-C]   2.00-3.00   sec  49.2 MBytes   413 Mbits/sec    0    571 KBytes       
[SUM][TX-C]   2.00-3.00   sec   109 MBytes   915 Mbits/sec    0             
[  9][RX-C]   2.00-3.00   sec  56.7 MBytes   476 Mbits/sec                  
[ 11][RX-C]   2.00-3.00   sec  46.8 MBytes   393 Mbits/sec                  
[SUM][RX-C]   2.00-3.00   sec   103 MBytes   869 Mbits/sec                  
- - - - - - - - - - - - - - - - - - - - - - - - -
[  5][TX-C]   3.00-4.00   sec  60.0 MBytes   503 Mbits/sec    0    650 KBytes       
[  7][TX-C]   3.00-4.00   sec  50.8 MBytes   426 Mbits/sec    0    597 KBytes       
[SUM][TX-C]   3.00-4.00   sec   111 MBytes   930 Mbits/sec    0             
[  9][RX-C]   3.00-4.00   sec  53.8 MBytes   451 Mbits/sec                  
[ 11][RX-C]   3.00-4.00   sec  48.8 MBytes   409 Mbits/sec                  
[SUM][RX-C]   3.00-4.00   sec   103 MBytes   860 Mbits/sec                  
- - - - - - - - - - - - - - - - - - - - - - - - -
[  5][TX-C]   4.00-5.00   sec  60.0 MBytes   503 Mbits/sec    0    650 KBytes       
[  7][TX-C]   4.00-5.00   sec  51.0 MBytes   427 Mbits/sec    0    597 KBytes       
[SUM][TX-C]   4.00-5.00   sec   111 MBytes   931 Mbits/sec    0             
[  9][RX-C]   4.00-5.00   sec  54.7 MBytes   459 Mbits/sec                  
[ 11][RX-C]   4.00-5.00   sec  47.9 MBytes   402 Mbits/sec                  
[SUM][RX-C]   4.00-5.00   sec   103 MBytes   860 Mbits/sec                  
- - - - - - - - - - - - - - - - - - - - - - - - -
[  5][TX-C]   5.00-6.00   sec  55.0 MBytes   461 Mbits/sec    0    650 KBytes       
[  7][TX-C]   5.00-6.00   sec  57.5 MBytes   482 Mbits/sec    0    656 KBytes       
[SUM][TX-C]   5.00-6.00   sec   112 MBytes   943 Mbits/sec    0             
[  9][RX-C]   5.00-6.00   sec  54.1 MBytes   454 Mbits/sec                  
[ 11][RX-C]   5.00-6.00   sec  48.2 MBytes   404 Mbits/sec                  
[SUM][RX-C]   5.00-6.00   sec   102 MBytes   858 Mbits/sec                  
- - - - - - - - - - - - - - - - - - - - - - - - -
[  5][TX-C]   6.00-7.00   sec  57.5 MBytes   482 Mbits/sec    0    684 KBytes       
[  7][TX-C]   6.00-7.00   sec  52.5 MBytes   440 Mbits/sec    0    656 KBytes       
[SUM][TX-C]   6.00-7.00   sec   110 MBytes   922 Mbits/sec    0             
[  9][RX-C]   6.00-7.00   sec  53.7 MBytes   450 Mbits/sec                  
[ 11][RX-C]   6.00-7.00   sec  49.2 MBytes   412 Mbits/sec                  
[SUM][RX-C]   6.00-7.00   sec   103 MBytes   863 Mbits/sec                  
- - - - - - - - - - - - - - - - - - - - - - - - -
[  5][TX-C]   7.00-8.00   sec  58.8 MBytes   493 Mbits/sec    0    717 KBytes       
[  7][TX-C]   7.00-8.00   sec  51.2 MBytes   430 Mbits/sec    0    656 KBytes       
[SUM][TX-C]   7.00-8.00   sec   110 MBytes   923 Mbits/sec    0             
[  9][RX-C]   7.00-8.00   sec  52.5 MBytes   440 Mbits/sec                  
[ 11][RX-C]   7.00-8.00   sec  50.0 MBytes   420 Mbits/sec                  
[SUM][RX-C]   7.00-8.00   sec   102 MBytes   860 Mbits/sec                  
- - - - - - - - - - - - - - - - - - - - - - - - -
[  5][TX-C]   8.00-9.00   sec  63.8 MBytes   535 Mbits/sec    0    717 KBytes       
[  7][TX-C]   8.00-9.00   sec  48.8 MBytes   409 Mbits/sec    0    656 KBytes       
[SUM][TX-C]   8.00-9.00   sec   112 MBytes   944 Mbits/sec    0             
[  9][RX-C]   8.00-9.00   sec  52.3 MBytes   439 Mbits/sec                  
[ 11][RX-C]   8.00-9.00   sec  50.8 MBytes   427 Mbits/sec                  
[SUM][RX-C]   8.00-9.00   sec   103 MBytes   866 Mbits/sec                  
- - - - - - - - - - - - - - - - - - - - - - - - -
[  5][TX-C]   9.00-10.00  sec  58.8 MBytes   493 Mbits/sec    0    717 KBytes       
[  7][TX-C]   9.00-10.00  sec  51.2 MBytes   430 Mbits/sec    0    656 KBytes       
[SUM][TX-C]   9.00-10.00  sec   110 MBytes   923 Mbits/sec    0             
[  9][RX-C]   9.00-10.00  sec  51.3 MBytes   431 Mbits/sec                  
[ 11][RX-C]   9.00-10.00  sec  50.9 MBytes   427 Mbits/sec                  
[SUM][RX-C]   9.00-10.00  sec   102 MBytes   857 Mbits/sec                  
- - - - - - - - - - - - - - - - - - - - - - - - -
[ ID][Role] Interval           Transfer     Bitrate         Retr
[  5][TX-C]   0.00-10.00  sec   591 MBytes   496 Mbits/sec    0             sender
[  5][TX-C]   0.00-10.00  sec   589 MBytes   494 Mbits/sec                  receiver
[  7][TX-C]   0.00-10.00  sec   515 MBytes   432 Mbits/sec    0             sender
[  7][TX-C]   0.00-10.00  sec   511 MBytes   429 Mbits/sec                  receiver
[SUM][TX-C]   0.00-10.00  sec  1.08 GBytes   928 Mbits/sec    0             sender
[SUM][TX-C]   0.00-10.00  sec  1.07 GBytes   923 Mbits/sec                  receiver
[  9][RX-C]   0.00-10.00  sec   549 MBytes   461 Mbits/sec    0             sender
[  9][RX-C]   0.00-10.00  sec   546 MBytes   458 Mbits/sec                  receiver
[ 11][RX-C]   0.00-10.00  sec   484 MBytes   406 Mbits/sec    0             sender
[ 11][RX-C]   0.00-10.00  sec   481 MBytes   404 Mbits/sec                  receiver
[SUM][RX-C]   0.00-10.00  sec  1.01 GBytes   867 Mbits/sec    0             sender
[SUM][RX-C]   0.00-10.00  sec  1.00 GBytes   862 Mbits/sec                  receiver

iperf Done.
make[1]: Leaving directory '/home/user/Desktop/router-throughput-test'
make[1]: Entering directory '/home/user/Desktop/router-throughput-test'
iperf3 --client 10.100.10.1 --parallel 2 --reverse
Connecting to host 10.100.10.1, port 5201
Reverse mode, remote host 10.100.10.1 is sending
[  5] local 10.100.10.145 port 36372 connected to 10.100.10.1 port 5201
[  7] local 10.100.10.145 port 36374 connected to 10.100.10.1 port 5201
[ ID] Interval           Transfer     Bitrate
[  5]   0.00-1.00   sec  45.1 MBytes   378 Mbits/sec                  
[  7]   0.00-1.00   sec  66.1 MBytes   554 Mbits/sec                  
[SUM]   0.00-1.00   sec   111 MBytes   933 Mbits/sec                  
- - - - - - - - - - - - - - - - - - - - - - - - -
[  5]   1.00-2.00   sec  44.5 MBytes   373 Mbits/sec                  
[  7]   1.00-2.00   sec  66.7 MBytes   560 Mbits/sec                  
[SUM]   1.00-2.00   sec   111 MBytes   933 Mbits/sec                  
- - - - - - - - - - - - - - - - - - - - - - - - -
[  5]   2.00-3.00   sec  47.7 MBytes   400 Mbits/sec                  
[  7]   2.00-3.00   sec  63.4 MBytes   532 Mbits/sec                  
[SUM]   2.00-3.00   sec   111 MBytes   932 Mbits/sec                  
- - - - - - - - - - - - - - - - - - - - - - - - -
[  5]   3.00-4.00   sec  49.2 MBytes   413 Mbits/sec                  
[  7]   3.00-4.00   sec  62.1 MBytes   520 Mbits/sec                  
[SUM]   3.00-4.00   sec   111 MBytes   933 Mbits/sec                  
- - - - - - - - - - - - - - - - - - - - - - - - -
[  5]   4.00-5.00   sec  49.4 MBytes   415 Mbits/sec                  
[  7]   4.00-5.00   sec  61.8 MBytes   518 Mbits/sec                  
[SUM]   4.00-5.00   sec   111 MBytes   933 Mbits/sec                  
- - - - - - - - - - - - - - - - - - - - - - - - -
[  5]   5.00-6.00   sec  50.8 MBytes   426 Mbits/sec                  
[  7]   5.00-6.00   sec  60.4 MBytes   507 Mbits/sec                  
[SUM]   5.00-6.00   sec   111 MBytes   933 Mbits/sec                  
- - - - - - - - - - - - - - - - - - - - - - - - -
[  5]   6.00-7.00   sec  52.7 MBytes   442 Mbits/sec                  
[  7]   6.00-7.00   sec  58.5 MBytes   491 Mbits/sec                  
[SUM]   6.00-7.00   sec   111 MBytes   933 Mbits/sec                  
- - - - - - - - - - - - - - - - - - - - - - - - -
[  5]   7.00-8.00   sec  52.8 MBytes   443 Mbits/sec                  
[  7]   7.00-8.00   sec  58.5 MBytes   490 Mbits/sec                  
[SUM]   7.00-8.00   sec   111 MBytes   933 Mbits/sec                  
- - - - - - - - - - - - - - - - - - - - - - - - -
[  5]   8.00-9.00   sec  53.0 MBytes   445 Mbits/sec                  
[  7]   8.00-9.00   sec  58.2 MBytes   488 Mbits/sec                  
[SUM]   8.00-9.00   sec   111 MBytes   932 Mbits/sec                  
- - - - - - - - - - - - - - - - - - - - - - - - -
[  5]   9.00-10.00  sec  54.8 MBytes   459 Mbits/sec                  
[  7]   9.00-10.00  sec  56.5 MBytes   474 Mbits/sec                  
[SUM]   9.00-10.00  sec   111 MBytes   933 Mbits/sec                  
- - - - - - - - - - - - - - - - - - - - - - - - -
[ ID] Interval           Transfer     Bitrate         Retr
[  5]   0.00-10.00  sec   502 MBytes   421 Mbits/sec    0             sender
[  5]   0.00-10.00  sec   500 MBytes   419 Mbits/sec                  receiver
[  7]   0.00-10.00  sec   614 MBytes   515 Mbits/sec    0             sender
[  7]   0.00-10.00  sec   612 MBytes   513 Mbits/sec                  receiver
[SUM]   0.00-10.00  sec  1.09 GBytes   936 Mbits/sec    0             sender
[SUM]   0.00-10.00  sec  1.09 GBytes   933 Mbits/sec                  receiver

iperf Done.
make[1]: Leaving directory '/home/user/Desktop/router-throughput-test'
make[1]: Entering directory '/home/user/Desktop/router-throughput-test'
iperf3 --client 10.100.10.1 --parallel 2
Connecting to host 10.100.10.1, port 5201
[  5] local 10.100.10.145 port 36378 connected to 10.100.10.1 port 5201
[  7] local 10.100.10.145 port 36380 connected to 10.100.10.1 port 5201
[ ID] Interval           Transfer     Bitrate         Retr  Cwnd
[  5]   0.00-1.00   sec  45.5 MBytes   381 Mbits/sec    0    283 KBytes       
[  7]   0.00-1.00   sec  69.9 MBytes   587 Mbits/sec    0    354 KBytes       
[SUM]   0.00-1.00   sec   115 MBytes   968 Mbits/sec    0             
- - - - - - - - - - - - - - - - - - - - - - - - -
[  5]   1.00-2.00   sec  50.9 MBytes   427 Mbits/sec    0    342 KBytes       
[  7]   1.00-2.00   sec  61.0 MBytes   512 Mbits/sec    0    354 KBytes       
[SUM]   1.00-2.00   sec   112 MBytes   939 Mbits/sec    0             
- - - - - - - - - - - - - - - - - - - - - - - - -
[  5]   2.00-3.00   sec  56.4 MBytes   473 Mbits/sec    0    356 KBytes       
[  7]   2.00-3.00   sec  56.3 MBytes   472 Mbits/sec    0    354 KBytes       
[SUM]   2.00-3.00   sec   113 MBytes   945 Mbits/sec    0             
- - - - - - - - - - - - - - - - - - - - - - - - -
[  5]   3.00-4.00   sec  52.1 MBytes   437 Mbits/sec    0    356 KBytes       
[  7]   3.00-4.00   sec  60.5 MBytes   508 Mbits/sec    0    380 KBytes       
[SUM]   3.00-4.00   sec   113 MBytes   945 Mbits/sec    0             
- - - - - - - - - - - - - - - - - - - - - - - - -
[  5]   4.00-5.00   sec  51.6 MBytes   433 Mbits/sec    0    356 KBytes       
[  7]   4.00-5.00   sec  60.8 MBytes   510 Mbits/sec    0    399 KBytes       
[SUM]   4.00-5.00   sec   112 MBytes   942 Mbits/sec    0             
- - - - - - - - - - - - - - - - - - - - - - - - -
[  5]   5.00-6.00   sec  49.8 MBytes   418 Mbits/sec    0    356 KBytes       
[  7]   5.00-6.00   sec  61.5 MBytes   516 Mbits/sec    0    399 KBytes       
[SUM]   5.00-6.00   sec   111 MBytes   934 Mbits/sec    0             
- - - - - - - - - - - - - - - - - - - - - - - - -
[  5]   6.00-7.00   sec  51.4 MBytes   431 Mbits/sec    0    356 KBytes       
[  7]   6.00-7.00   sec  61.8 MBytes   519 Mbits/sec    0    441 KBytes       
[SUM]   6.00-7.00   sec   113 MBytes   950 Mbits/sec    0             
- - - - - - - - - - - - - - - - - - - - - - - - -
[  5]   7.00-8.00   sec  49.5 MBytes   415 Mbits/sec    0    356 KBytes       
[  7]   7.00-8.00   sec  61.5 MBytes   516 Mbits/sec    0    441 KBytes       
[SUM]   7.00-8.00   sec   111 MBytes   930 Mbits/sec    0             
- - - - - - - - - - - - - - - - - - - - - - - - -
[  5]   8.00-9.00   sec  50.6 MBytes   424 Mbits/sec    0    356 KBytes       
[  7]   8.00-9.00   sec  62.4 MBytes   523 Mbits/sec    0    441 KBytes       
[SUM]   8.00-9.00   sec   113 MBytes   948 Mbits/sec    0             
- - - - - - - - - - - - - - - - - - - - - - - - -
[  5]   9.00-10.00  sec  55.7 MBytes   468 Mbits/sec    0    443 KBytes       
[  7]   9.00-10.00  sec  56.7 MBytes   476 Mbits/sec    0    526 KBytes       
[SUM]   9.00-10.00  sec   112 MBytes   943 Mbits/sec    0             
- - - - - - - - - - - - - - - - - - - - - - - - -
[ ID] Interval           Transfer     Bitrate         Retr
[  5]   0.00-10.00  sec   513 MBytes   431 Mbits/sec    0             sender
[  5]   0.00-10.00  sec   512 MBytes   429 Mbits/sec                  receiver
[  7]   0.00-10.00  sec   613 MBytes   514 Mbits/sec    0             sender
[  7]   0.00-10.00  sec   610 MBytes   512 Mbits/sec                  receiver
[SUM]   0.00-10.00  sec  1.10 GBytes   944 Mbits/sec    0             sender
[SUM]   0.00-10.00  sec  1.10 GBytes   941 Mbits/sec                  receiver

iperf Done.
make[1]: Leaving directory '/home/user/Desktop/router-throughput-test'
make[1]: Entering directory '/home/user/Desktop/router-throughput-test'
iperf3 --client 10.100.10.1 --parallel 2 --bidir
Connecting to host 10.100.10.1, port 5201
[  5] local 10.100.10.145 port 36384 connected to 10.100.10.1 port 5201
[  7] local 10.100.10.145 port 36386 connected to 10.100.10.1 port 5201
[  9] local 10.100.10.145 port 36388 connected to 10.100.10.1 port 5201
[ 11] local 10.100.10.145 port 36390 connected to 10.100.10.1 port 5201
[ ID][Role] Interval           Transfer     Bitrate         Retr  Cwnd
[  5][TX-C]   0.00-1.00   sec  57.4 MBytes   482 Mbits/sec    0    513 KBytes       
[  7][TX-C]   0.00-1.00   sec  56.3 MBytes   472 Mbits/sec    0    526 KBytes       
[SUM][TX-C]   0.00-1.00   sec   114 MBytes   954 Mbits/sec    0             
[  9][RX-C]   0.00-1.00   sec  62.3 MBytes   522 Mbits/sec                  
[ 11][RX-C]   0.00-1.00   sec  38.6 MBytes   324 Mbits/sec                  
[SUM][RX-C]   0.00-1.00   sec   101 MBytes   846 Mbits/sec                  
- - - - - - - - - - - - - - - - - - - - - - - - -
[  5][TX-C]   1.00-2.00   sec  56.7 MBytes   475 Mbits/sec    0    561 KBytes       
[  7][TX-C]   1.00-2.00   sec  55.1 MBytes   462 Mbits/sec    0    526 KBytes       
[SUM][TX-C]   1.00-2.00   sec   112 MBytes   938 Mbits/sec    0             
[  9][RX-C]   1.00-2.00   sec  61.6 MBytes   517 Mbits/sec                  
[ 11][RX-C]   1.00-2.00   sec  40.7 MBytes   341 Mbits/sec                  
[SUM][RX-C]   1.00-2.00   sec   102 MBytes   858 Mbits/sec                  
- - - - - - - - - - - - - - - - - - - - - - - - -
[  5][TX-C]   2.00-3.00   sec  58.9 MBytes   493 Mbits/sec    0    587 KBytes       
[  7][TX-C]   2.00-3.00   sec  53.7 MBytes   449 Mbits/sec    0    556 KBytes       
[SUM][TX-C]   2.00-3.00   sec   113 MBytes   942 Mbits/sec    0             
[  9][RX-C]   2.00-3.00   sec  60.0 MBytes   502 Mbits/sec                  
[ 11][RX-C]   2.00-3.00   sec  41.7 MBytes   349 Mbits/sec                  
[SUM][RX-C]   2.00-3.00   sec   102 MBytes   851 Mbits/sec                  
- - - - - - - - - - - - - - - - - - - - - - - - -
[  5][TX-C]   3.00-4.00   sec  63.6 MBytes   535 Mbits/sec    0    614 KBytes       
[  7][TX-C]   3.00-4.00   sec  47.3 MBytes   398 Mbits/sec    0    556 KBytes       
[SUM][TX-C]   3.00-4.00   sec   111 MBytes   933 Mbits/sec    0             
[  9][RX-C]   3.00-4.00   sec  62.6 MBytes   527 Mbits/sec                  
[ 11][RX-C]   3.00-4.00   sec  41.0 MBytes   345 Mbits/sec                  
[SUM][RX-C]   3.00-4.00   sec   104 MBytes   872 Mbits/sec                  
- - - - - - - - - - - - - - - - - - - - - - - - -
[  5][TX-C]   4.00-5.00   sec  66.2 MBytes   555 Mbits/sec    0    642 KBytes       
[  7][TX-C]   4.00-5.00   sec  46.1 MBytes   385 Mbits/sec    0    556 KBytes       
[SUM][TX-C]   4.00-5.00   sec   112 MBytes   940 Mbits/sec    0             
[  9][RX-C]   4.00-5.00   sec  60.7 MBytes   508 Mbits/sec                  
[ 11][RX-C]   4.00-5.00   sec  42.8 MBytes   358 Mbits/sec                  
[SUM][RX-C]   4.00-5.00   sec   103 MBytes   866 Mbits/sec                  
- - - - - - - - - - - - - - - - - - - - - - - - -
[  5][TX-C]   5.00-6.00   sec  61.2 MBytes   515 Mbits/sec    0    642 KBytes       
[  7][TX-C]   5.00-6.00   sec  48.8 MBytes   410 Mbits/sec    0    556 KBytes       
[SUM][TX-C]   5.00-6.00   sec   110 MBytes   925 Mbits/sec    0             
[  9][RX-C]   5.00-6.00   sec  53.3 MBytes   448 Mbits/sec                  
[ 11][RX-C]   5.00-6.00   sec  50.3 MBytes   423 Mbits/sec                  
[SUM][RX-C]   5.00-6.00   sec   104 MBytes   871 Mbits/sec                  
- - - - - - - - - - - - - - - - - - - - - - - - -
[  5][TX-C]   6.00-7.00   sec  63.8 MBytes   535 Mbits/sec    0    642 KBytes       
[  7][TX-C]   6.00-7.00   sec  48.0 MBytes   403 Mbits/sec    0    556 KBytes       
[SUM][TX-C]   6.00-7.00   sec   112 MBytes   938 Mbits/sec    0             
[  9][RX-C]   6.00-7.00   sec  52.0 MBytes   436 Mbits/sec                  
[ 11][RX-C]   6.00-7.00   sec  50.7 MBytes   425 Mbits/sec                  
[SUM][RX-C]   6.00-7.00   sec   103 MBytes   861 Mbits/sec                  
- - - - - - - - - - - - - - - - - - - - - - - - -
[  5][TX-C]   7.00-8.00   sec  63.8 MBytes   535 Mbits/sec    0    642 KBytes       
[  7][TX-C]   7.00-8.00   sec  47.7 MBytes   400 Mbits/sec    0    556 KBytes       
[SUM][TX-C]   7.00-8.00   sec   111 MBytes   935 Mbits/sec    0             
[  9][RX-C]   7.00-8.00   sec  54.0 MBytes   453 Mbits/sec                  
[ 11][RX-C]   7.00-8.00   sec  49.2 MBytes   412 Mbits/sec                  
[SUM][RX-C]   7.00-8.00   sec   103 MBytes   866 Mbits/sec                  
- - - - - - - - - - - - - - - - - - - - - - - - -
[  5][TX-C]   8.00-9.00   sec  61.2 MBytes   514 Mbits/sec    0    642 KBytes       
[  7][TX-C]   8.00-9.00   sec  49.9 MBytes   419 Mbits/sec    0    587 KBytes       
[SUM][TX-C]   8.00-9.00   sec   111 MBytes   932 Mbits/sec    0             
[  9][RX-C]   8.00-9.00   sec  53.6 MBytes   449 Mbits/sec                  
[ 11][RX-C]   8.00-9.00   sec  48.5 MBytes   407 Mbits/sec                  
[SUM][RX-C]   8.00-9.00   sec   102 MBytes   856 Mbits/sec                  
- - - - - - - - - - - - - - - - - - - - - - - - -
[  5][TX-C]   9.00-10.00  sec  61.2 MBytes   514 Mbits/sec    0    642 KBytes       
[  7][TX-C]   9.00-10.00  sec  50.6 MBytes   424 Mbits/sec    0    587 KBytes       
[SUM][TX-C]   9.00-10.00  sec   112 MBytes   938 Mbits/sec    0             
[  9][RX-C]   9.00-10.00  sec  52.5 MBytes   441 Mbits/sec                  
[ 11][RX-C]   9.00-10.00  sec  50.4 MBytes   423 Mbits/sec                  
[SUM][RX-C]   9.00-10.00  sec   103 MBytes   864 Mbits/sec                  
- - - - - - - - - - - - - - - - - - - - - - - - -
[ ID][Role] Interval           Transfer     Bitrate         Retr
[  5][TX-C]   0.00-10.00  sec   614 MBytes   515 Mbits/sec    0             sender
[  5][TX-C]   0.00-10.00  sec   611 MBytes   512 Mbits/sec                  receiver
[  7][TX-C]   0.00-10.00  sec   503 MBytes   422 Mbits/sec    0             sender
[  7][TX-C]   0.00-10.00  sec   501 MBytes   420 Mbits/sec                  receiver
[SUM][TX-C]   0.00-10.00  sec  1.09 GBytes   937 Mbits/sec    0             sender
[SUM][TX-C]   0.00-10.00  sec  1.09 GBytes   932 Mbits/sec                  receiver
[  9][RX-C]   0.00-10.00  sec   575 MBytes   483 Mbits/sec    0             sender
[  9][RX-C]   0.00-10.00  sec   573 MBytes   480 Mbits/sec                  receiver
[ 11][RX-C]   0.00-10.00  sec   457 MBytes   383 Mbits/sec    0             sender
[ 11][RX-C]   0.00-10.00  sec   454 MBytes   381 Mbits/sec                  receiver
[SUM][RX-C]   0.00-10.00  sec  1.01 GBytes   866 Mbits/sec    0             sender
[SUM][RX-C]   0.00-10.00  sec  1.00 GBytes   861 Mbits/sec                  receiver

iperf Done.
make[1]: Leaving directory '/home/user/Desktop/router-throughput-test'
make[1]: Entering directory '/home/user/Desktop/router-throughput-test'
iperf3 --client 10.100.10.1 --parallel 2 --reverse
Connecting to host 10.100.10.1, port 5201
Reverse mode, remote host 10.100.10.1 is sending
[  5] local 10.100.10.145 port 36394 connected to 10.100.10.1 port 5201
[  7] local 10.100.10.145 port 36396 connected to 10.100.10.1 port 5201
[ ID] Interval           Transfer     Bitrate
[  5]   0.00-1.00   sec  58.3 MBytes   489 Mbits/sec                  
[  7]   0.00-1.00   sec  52.9 MBytes   443 Mbits/sec                  
[SUM]   0.00-1.00   sec   111 MBytes   932 Mbits/sec                  
- - - - - - - - - - - - - - - - - - - - - - - - -
[  5]   1.00-2.00   sec  64.8 MBytes   544 Mbits/sec                  
[  7]   1.00-2.00   sec  46.4 MBytes   389 Mbits/sec                  
[SUM]   1.00-2.00   sec   111 MBytes   933 Mbits/sec                  
- - - - - - - - - - - - - - - - - - - - - - - - -
[  5]   2.00-3.00   sec  62.9 MBytes   527 Mbits/sec                  
[  7]   2.00-3.00   sec  48.4 MBytes   405 Mbits/sec                  
[SUM]   2.00-3.00   sec   111 MBytes   933 Mbits/sec                  
- - - - - - - - - - - - - - - - - - - - - - - - -
[  5]   3.00-4.00   sec  60.6 MBytes   508 Mbits/sec                  
[  7]   3.00-4.00   sec  50.6 MBytes   424 Mbits/sec                  
[SUM]   3.00-4.00   sec   111 MBytes   933 Mbits/sec                  
- - - - - - - - - - - - - - - - - - - - - - - - -
[  5]   4.00-5.00   sec  57.0 MBytes   478 Mbits/sec                  
[  7]   4.00-5.00   sec  54.2 MBytes   455 Mbits/sec                  
[SUM]   4.00-5.00   sec   111 MBytes   933 Mbits/sec                  
- - - - - - - - - - - - - - - - - - - - - - - - -
[  5]   5.00-6.00   sec  55.4 MBytes   465 Mbits/sec                  
[  7]   5.00-6.00   sec  55.3 MBytes   464 Mbits/sec                  
[SUM]   5.00-6.00   sec   111 MBytes   929 Mbits/sec                  
- - - - - - - - - - - - - - - - - - - - - - - - -
[  5]   6.00-7.00   sec  55.6 MBytes   466 Mbits/sec                  
[  7]   6.00-7.00   sec  55.6 MBytes   466 Mbits/sec                  
[SUM]   6.00-7.00   sec   111 MBytes   933 Mbits/sec                  
- - - - - - - - - - - - - - - - - - - - - - - - -
[  5]   7.00-8.00   sec  55.6 MBytes   466 Mbits/sec                  
[  7]   7.00-8.00   sec  55.6 MBytes   466 Mbits/sec                  
[SUM]   7.00-8.00   sec   111 MBytes   933 Mbits/sec                  
- - - - - - - - - - - - - - - - - - - - - - - - -
[  5]   8.00-9.00   sec  55.7 MBytes   467 Mbits/sec                  
[  7]   8.00-9.00   sec  55.6 MBytes   466 Mbits/sec                  
[SUM]   8.00-9.00   sec   111 MBytes   933 Mbits/sec                  
- - - - - - - - - - - - - - - - - - - - - - - - -
[  5]   9.00-10.00  sec  55.6 MBytes   466 Mbits/sec                  
[  7]   9.00-10.00  sec  55.6 MBytes   467 Mbits/sec                  
[SUM]   9.00-10.00  sec   111 MBytes   933 Mbits/sec                  
- - - - - - - - - - - - - - - - - - - - - - - - -
[ ID] Interval           Transfer     Bitrate         Retr
[  5]   0.00-10.00  sec   583 MBytes   489 Mbits/sec    0             sender
[  5]   0.00-10.00  sec   581 MBytes   488 Mbits/sec                  receiver
[  7]   0.00-10.00  sec   532 MBytes   447 Mbits/sec    0             sender
[  7]   0.00-10.00  sec   530 MBytes   445 Mbits/sec                  receiver
[SUM]   0.00-10.00  sec  1.09 GBytes   936 Mbits/sec    0             sender
[SUM]   0.00-10.00  sec  1.09 GBytes   932 Mbits/sec                  receiver

iperf Done.
make[1]: Leaving directory '/home/user/Desktop/router-throughput-test'
make[1]: Entering directory '/home/user/Desktop/router-throughput-test'
iperf3 --client 10.100.10.1 --parallel 2
Connecting to host 10.100.10.1, port 5201
[  5] local 10.100.10.145 port 36400 connected to 10.100.10.1 port 5201
[  7] local 10.100.10.145 port 36402 connected to 10.100.10.1 port 5201
[ ID] Interval           Transfer     Bitrate         Retr  Cwnd
[  5]   0.00-1.00   sec  59.3 MBytes   498 Mbits/sec    0    363 KBytes       
[  7]   0.00-1.00   sec  56.2 MBytes   471 Mbits/sec    0    342 KBytes       
[SUM]   0.00-1.00   sec   116 MBytes   969 Mbits/sec    0             
- - - - - - - - - - - - - - - - - - - - - - - - -
[  5]   1.00-2.00   sec  58.0 MBytes   487 Mbits/sec    0    363 KBytes       
[  7]   1.00-2.00   sec  54.2 MBytes   455 Mbits/sec    0    358 KBytes       
[SUM]   1.00-2.00   sec   112 MBytes   941 Mbits/sec    0             
- - - - - - - - - - - - - - - - - - - - - - - - -
[  5]   2.00-3.00   sec  57.3 MBytes   481 Mbits/sec    0    363 KBytes       
[  7]   2.00-3.00   sec  55.7 MBytes   467 Mbits/sec    0    358 KBytes       
[SUM]   2.00-3.00   sec   113 MBytes   948 Mbits/sec    0             
- - - - - - - - - - - - - - - - - - - - - - - - -
[  5]   3.00-4.00   sec  54.2 MBytes   455 Mbits/sec    0    363 KBytes       
[  7]   3.00-4.00   sec  57.4 MBytes   481 Mbits/sec    0    375 KBytes       
[SUM]   3.00-4.00   sec   112 MBytes   936 Mbits/sec    0             
- - - - - - - - - - - - - - - - - - - - - - - - -
[  5]   4.00-5.00   sec  54.2 MBytes   456 Mbits/sec    0    363 KBytes       
[  7]   4.00-5.00   sec  58.1 MBytes   488 Mbits/sec    0    375 KBytes       
[SUM]   4.00-5.00   sec   112 MBytes   943 Mbits/sec    0             
- - - - - - - - - - - - - - - - - - - - - - - - -
[  5]   5.00-6.00   sec  52.9 MBytes   444 Mbits/sec    0    363 KBytes       
[  7]   5.00-6.00   sec  59.3 MBytes   498 Mbits/sec    0    393 KBytes       
[SUM]   5.00-6.00   sec   112 MBytes   942 Mbits/sec    0             
- - - - - - - - - - - - - - - - - - - - - - - - -
[  5]   6.00-7.00   sec  51.9 MBytes   435 Mbits/sec    0    363 KBytes       
[  7]   6.00-7.00   sec  60.2 MBytes   505 Mbits/sec    0    414 KBytes       
[SUM]   6.00-7.00   sec   112 MBytes   940 Mbits/sec    0             
- - - - - - - - - - - - - - - - - - - - - - - - -
[  5]   7.00-8.00   sec  51.4 MBytes   431 Mbits/sec    0    363 KBytes       
[  7]   7.00-8.00   sec  61.8 MBytes   518 Mbits/sec    0    414 KBytes       
[SUM]   7.00-8.00   sec   113 MBytes   949 Mbits/sec    0             
- - - - - - - - - - - - - - - - - - - - - - - - -
[  5]   8.00-9.00   sec  50.6 MBytes   425 Mbits/sec    0    363 KBytes       
[  7]   8.00-9.00   sec  60.5 MBytes   508 Mbits/sec    0    414 KBytes       
[SUM]   8.00-9.00   sec   111 MBytes   933 Mbits/sec    0             
- - - - - - - - - - - - - - - - - - - - - - - - -
[  5]   9.00-10.00  sec  56.4 MBytes   473 Mbits/sec    0    488 KBytes       
[  7]   9.00-10.00  sec  56.5 MBytes   474 Mbits/sec    0    414 KBytes       
[SUM]   9.00-10.00  sec   113 MBytes   947 Mbits/sec    0             
- - - - - - - - - - - - - - - - - - - - - - - - -
[ ID] Interval           Transfer     Bitrate         Retr
[  5]   0.00-10.00  sec   546 MBytes   458 Mbits/sec    0             sender
[  5]   0.00-10.00  sec   544 MBytes   457 Mbits/sec                  receiver
[  7]   0.00-10.00  sec   580 MBytes   486 Mbits/sec    0             sender
[  7]   0.00-10.00  sec   578 MBytes   485 Mbits/sec                  receiver
[SUM]   0.00-10.00  sec  1.10 GBytes   945 Mbits/sec    0             sender
[SUM]   0.00-10.00  sec  1.10 GBytes   941 Mbits/sec                  receiver

iperf Done.
make[1]: Leaving directory '/home/user/Desktop/router-throughput-test'
make[1]: Entering directory '/home/user/Desktop/router-throughput-test'
iperf3 --client 10.100.10.1 --parallel 2 --bidir
Connecting to host 10.100.10.1, port 5201
[  5] local 10.100.10.145 port 36406 connected to 10.100.10.1 port 5201
[  7] local 10.100.10.145 port 36408 connected to 10.100.10.1 port 5201
[  9] local 10.100.10.145 port 36410 connected to 10.100.10.1 port 5201
[ 11] local 10.100.10.145 port 36412 connected to 10.100.10.1 port 5201
[ ID][Role] Interval           Transfer     Bitrate         Retr  Cwnd
[  5][TX-C]   0.00-1.00   sec  57.4 MBytes   481 Mbits/sec    0    450 KBytes       
[  7][TX-C]   0.00-1.00   sec  57.6 MBytes   483 Mbits/sec    0    513 KBytes       
[SUM][TX-C]   0.00-1.00   sec   115 MBytes   964 Mbits/sec    0             
[  9][RX-C]   0.00-1.00   sec  65.8 MBytes   552 Mbits/sec                  
[ 11][RX-C]   0.00-1.00   sec  32.4 MBytes   272 Mbits/sec                  
[SUM][RX-C]   0.00-1.00   sec  98.3 MBytes   824 Mbits/sec                  
- - - - - - - - - - - - - - - - - - - - - - - - -
[  5][TX-C]   1.00-2.00   sec  50.2 MBytes   421 Mbits/sec    0    450 KBytes       
[  7][TX-C]   1.00-2.00   sec  62.0 MBytes   520 Mbits/sec    0    587 KBytes       
[SUM][TX-C]   1.00-2.00   sec   112 MBytes   942 Mbits/sec    0             
[  9][RX-C]   1.00-2.00   sec  62.0 MBytes   520 Mbits/sec                  
[ 11][RX-C]   1.00-2.00   sec  41.0 MBytes   344 Mbits/sec                  
[SUM][RX-C]   1.00-2.00   sec   103 MBytes   864 Mbits/sec                  
- - - - - - - - - - - - - - - - - - - - - - - - -
[  5][TX-C]   2.00-3.00   sec  46.7 MBytes   392 Mbits/sec    0    450 KBytes       
[  7][TX-C]   2.00-3.00   sec  64.1 MBytes   538 Mbits/sec    0    587 KBytes       
[SUM][TX-C]   2.00-3.00   sec   111 MBytes   930 Mbits/sec    0             
[  9][RX-C]   2.00-3.00   sec  61.4 MBytes   515 Mbits/sec                  
[ 11][RX-C]   2.00-3.00   sec  41.5 MBytes   348 Mbits/sec                  
[SUM][RX-C]   2.00-3.00   sec   103 MBytes   863 Mbits/sec                  
- - - - - - - - - - - - - - - - - - - - - - - - -
[  5][TX-C]   3.00-4.00   sec  45.8 MBytes   384 Mbits/sec    0    450 KBytes       
[  7][TX-C]   3.00-4.00   sec  65.4 MBytes   548 Mbits/sec    0    587 KBytes       
[SUM][TX-C]   3.00-4.00   sec   111 MBytes   933 Mbits/sec    0             
[  9][RX-C]   3.00-4.00   sec  61.7 MBytes   518 Mbits/sec                  
[ 11][RX-C]   3.00-4.00   sec  41.3 MBytes   346 Mbits/sec                  
[SUM][RX-C]   3.00-4.00   sec   103 MBytes   864 Mbits/sec                  
- - - - - - - - - - - - - - - - - - - - - - - - -
[  5][TX-C]   4.00-5.00   sec  46.6 MBytes   391 Mbits/sec    0    478 KBytes       
[  7][TX-C]   4.00-5.00   sec  63.8 MBytes   535 Mbits/sec    0    587 KBytes       
[SUM][TX-C]   4.00-5.00   sec   110 MBytes   926 Mbits/sec    0             
[  9][RX-C]   4.00-5.00   sec  60.5 MBytes   508 Mbits/sec                  
[ 11][RX-C]   4.00-5.00   sec  42.5 MBytes   357 Mbits/sec                  
[SUM][RX-C]   4.00-5.00   sec   103 MBytes   865 Mbits/sec                  
- - - - - - - - - - - - - - - - - - - - - - - - -
[  5][TX-C]   5.00-6.00   sec  48.2 MBytes   404 Mbits/sec    0    526 KBytes       
[  7][TX-C]   5.00-6.00   sec  63.4 MBytes   532 Mbits/sec    0    615 KBytes       
[SUM][TX-C]   5.00-6.00   sec   112 MBytes   936 Mbits/sec    0             
[  9][RX-C]   5.00-6.00   sec  60.3 MBytes   506 Mbits/sec                  
[ 11][RX-C]   5.00-6.00   sec  42.5 MBytes   356 Mbits/sec                  
[SUM][RX-C]   5.00-6.00   sec   103 MBytes   862 Mbits/sec                  
- - - - - - - - - - - - - - - - - - - - - - - - -
[  5][TX-C]   6.00-7.00   sec  50.6 MBytes   425 Mbits/sec    0    559 KBytes       
[  7][TX-C]   6.00-7.00   sec  60.9 MBytes   511 Mbits/sec    0    615 KBytes       
[SUM][TX-C]   6.00-7.00   sec   112 MBytes   936 Mbits/sec    0             
[  9][RX-C]   6.00-7.00   sec  60.5 MBytes   508 Mbits/sec                  
[ 11][RX-C]   6.00-7.00   sec  41.4 MBytes   347 Mbits/sec                  
[SUM][RX-C]   6.00-7.00   sec   102 MBytes   855 Mbits/sec                  
- - - - - - - - - - - - - - - - - - - - - - - - -
[  5][TX-C]   7.00-8.00   sec  48.3 MBytes   405 Mbits/sec    0    559 KBytes       
[  7][TX-C]   7.00-8.00   sec  62.5 MBytes   524 Mbits/sec    0    648 KBytes       
[SUM][TX-C]   7.00-8.00   sec   111 MBytes   930 Mbits/sec    0             
[  9][RX-C]   7.00-8.00   sec  60.1 MBytes   504 Mbits/sec                  
[ 11][RX-C]   7.00-8.00   sec  41.9 MBytes   352 Mbits/sec                  
[SUM][RX-C]   7.00-8.00   sec   102 MBytes   856 Mbits/sec                  
- - - - - - - - - - - - - - - - - - - - - - - - -
[  5][TX-C]   8.00-9.00   sec  48.7 MBytes   408 Mbits/sec    0    559 KBytes       
[  7][TX-C]   8.00-9.00   sec  62.5 MBytes   524 Mbits/sec    0    648 KBytes       
[SUM][TX-C]   8.00-9.00   sec   111 MBytes   932 Mbits/sec    0             
[  9][RX-C]   8.00-9.00   sec  60.3 MBytes   506 Mbits/sec                  
[ 11][RX-C]   8.00-9.00   sec  41.8 MBytes   351 Mbits/sec                  
[SUM][RX-C]   8.00-9.00   sec   102 MBytes   857 Mbits/sec                  
- - - - - - - - - - - - - - - - - - - - - - - - -
[  5][TX-C]   9.00-10.00  sec  46.5 MBytes   390 Mbits/sec    0    559 KBytes       
[  7][TX-C]   9.00-10.00  sec  63.8 MBytes   535 Mbits/sec    0    648 KBytes       
[SUM][TX-C]   9.00-10.00  sec   110 MBytes   925 Mbits/sec    0             
[  9][RX-C]   9.00-10.00  sec  60.6 MBytes   508 Mbits/sec                  
[ 11][RX-C]   9.00-10.00  sec  42.1 MBytes   353 Mbits/sec                  
[SUM][RX-C]   9.00-10.00  sec   103 MBytes   861 Mbits/sec                  
- - - - - - - - - - - - - - - - - - - - - - - - -
[ ID][Role] Interval           Transfer     Bitrate         Retr
[  5][TX-C]   0.00-10.00  sec   489 MBytes   410 Mbits/sec    0             sender
[  5][TX-C]   0.00-10.00  sec   487 MBytes   408 Mbits/sec                  receiver
[  7][TX-C]   0.00-10.00  sec   626 MBytes   525 Mbits/sec    0             sender
[  7][TX-C]   0.00-10.00  sec   623 MBytes   522 Mbits/sec                  receiver
[SUM][TX-C]   0.00-10.00  sec  1.09 GBytes   935 Mbits/sec    0             sender
[SUM][TX-C]   0.00-10.00  sec  1.08 GBytes   931 Mbits/sec                  receiver
[  9][RX-C]   0.00-10.00  sec   617 MBytes   518 Mbits/sec    0             sender
[  9][RX-C]   0.00-10.00  sec   613 MBytes   514 Mbits/sec                  receiver
[ 11][RX-C]   0.00-10.00  sec   411 MBytes   345 Mbits/sec    0             sender
[ 11][RX-C]   0.00-10.00  sec   408 MBytes   342 Mbits/sec                  receiver
[SUM][RX-C]   0.00-10.00  sec  1.00 GBytes   862 Mbits/sec    0             sender
[SUM][RX-C]   0.00-10.00  sec  1022 MBytes   857 Mbits/sec                  receiver

iperf Done.
make[1]: Leaving directory '/home/user/Desktop/router-throughput-test'
make[1]: Entering directory '/home/user/Desktop/router-throughput-test'
iperf3 --client 10.100.10.1 --parallel 2 --reverse
Connecting to host 10.100.10.1, port 5201
Reverse mode, remote host 10.100.10.1 is sending
[  5] local 10.100.10.145 port 36416 connected to 10.100.10.1 port 5201
[  7] local 10.100.10.145 port 36418 connected to 10.100.10.1 port 5201
[ ID] Interval           Transfer     Bitrate
[  5]   0.00-1.00   sec  42.9 MBytes   360 Mbits/sec                  
[  7]   0.00-1.00   sec  68.2 MBytes   572 Mbits/sec                  
[SUM]   0.00-1.00   sec   111 MBytes   932 Mbits/sec                  
- - - - - - - - - - - - - - - - - - - - - - - - -
[  5]   1.00-2.00   sec  52.1 MBytes   437 Mbits/sec                  
[  7]   1.00-2.00   sec  59.1 MBytes   496 Mbits/sec                  
[SUM]   1.00-2.00   sec   111 MBytes   933 Mbits/sec                  
- - - - - - - - - - - - - - - - - - - - - - - - -
[  5]   2.00-3.00   sec  55.5 MBytes   465 Mbits/sec                  
[  7]   2.00-3.00   sec  55.7 MBytes   468 Mbits/sec                  
[SUM]   2.00-3.00   sec   111 MBytes   933 Mbits/sec                  
- - - - - - - - - - - - - - - - - - - - - - - - -
[  5]   3.00-4.00   sec  55.5 MBytes   466 Mbits/sec                  
[  7]   3.00-4.00   sec  55.5 MBytes   466 Mbits/sec                  
[SUM]   3.00-4.00   sec   111 MBytes   932 Mbits/sec                  
- - - - - - - - - - - - - - - - - - - - - - - - -
[  5]   4.00-5.00   sec  55.6 MBytes   466 Mbits/sec                  
[  7]   4.00-5.00   sec  55.6 MBytes   466 Mbits/sec                  
[SUM]   4.00-5.00   sec   111 MBytes   933 Mbits/sec                  
- - - - - - - - - - - - - - - - - - - - - - - - -
[  5]   5.00-6.00   sec  55.6 MBytes   467 Mbits/sec                  
[  7]   5.00-6.00   sec  55.6 MBytes   466 Mbits/sec                  
[SUM]   5.00-6.00   sec   111 MBytes   933 Mbits/sec                  
- - - - - - - - - - - - - - - - - - - - - - - - -
[  5]   6.00-7.00   sec  55.2 MBytes   463 Mbits/sec                  
[  7]   6.00-7.00   sec  55.6 MBytes   466 Mbits/sec                  
[SUM]   6.00-7.00   sec   111 MBytes   929 Mbits/sec                  
- - - - - - - - - - - - - - - - - - - - - - - - -
[  5]   7.00-8.00   sec  54.9 MBytes   460 Mbits/sec                  
[  7]   7.00-8.00   sec  56.4 MBytes   473 Mbits/sec                  
[SUM]   7.00-8.00   sec   111 MBytes   933 Mbits/sec                  
- - - - - - - - - - - - - - - - - - - - - - - - -
[  5]   8.00-9.00   sec  53.7 MBytes   450 Mbits/sec                  
[  7]   8.00-9.00   sec  57.5 MBytes   482 Mbits/sec                  
[SUM]   8.00-9.00   sec   111 MBytes   933 Mbits/sec                  
- - - - - - - - - - - - - - - - - - - - - - - - -
[  5]   9.00-10.00  sec  53.4 MBytes   448 Mbits/sec                  
[  7]   9.00-10.00  sec  57.8 MBytes   485 Mbits/sec                  
[SUM]   9.00-10.00  sec   111 MBytes   933 Mbits/sec                  
- - - - - - - - - - - - - - - - - - - - - - - - -
[ ID] Interval           Transfer     Bitrate         Retr
[  5]   0.00-10.00  sec   537 MBytes   451 Mbits/sec    0             sender
[  5]   0.00-10.00  sec   534 MBytes   448 Mbits/sec                  receiver
[  7]   0.00-10.00  sec   579 MBytes   486 Mbits/sec    0             sender
[  7]   0.00-10.00  sec   577 MBytes   484 Mbits/sec                  receiver
[SUM]   0.00-10.00  sec  1.09 GBytes   937 Mbits/sec    0             sender
[SUM]   0.00-10.00  sec  1.09 GBytes   932 Mbits/sec                  receiver

iperf Done.
make[1]: Leaving directory '/home/user/Desktop/router-throughput-test'
make[1]: Entering directory '/home/user/Desktop/router-throughput-test'
iperf3 --client 10.100.10.1 --parallel 2
Connecting to host 10.100.10.1, port 5201
[  5] local 10.100.10.145 port 36422 connected to 10.100.10.1 port 5201
[  7] local 10.100.10.145 port 36424 connected to 10.100.10.1 port 5201
[ ID] Interval           Transfer     Bitrate         Retr  Cwnd
[  5]   0.00-1.00   sec  68.5 MBytes   575 Mbits/sec    0    361 KBytes       
[  7]   0.00-1.00   sec  46.4 MBytes   389 Mbits/sec    0    291 KBytes       
[SUM]   0.00-1.00   sec   115 MBytes   964 Mbits/sec    0             
- - - - - - - - - - - - - - - - - - - - - - - - -
[  5]   1.00-2.00   sec  67.9 MBytes   570 Mbits/sec    0    378 KBytes       
[  7]   1.00-2.00   sec  44.9 MBytes   376 Mbits/sec    0    304 KBytes       
[SUM]   1.00-2.00   sec   113 MBytes   946 Mbits/sec    0             
- - - - - - - - - - - - - - - - - - - - - - - - -
[  5]   2.00-3.00   sec  61.6 MBytes   517 Mbits/sec    0    395 KBytes       
[  7]   2.00-3.00   sec  50.3 MBytes   422 Mbits/sec    0    348 KBytes       
[SUM]   2.00-3.00   sec   112 MBytes   938 Mbits/sec    0             
- - - - - - - - - - - - - - - - - - - - - - - - -
[  5]   3.00-4.00   sec  60.5 MBytes   508 Mbits/sec    0    423 KBytes       
[  7]   3.00-4.00   sec  52.0 MBytes   436 Mbits/sec    0    362 KBytes       
[SUM]   3.00-4.00   sec   112 MBytes   944 Mbits/sec    0             
- - - - - - - - - - - - - - - - - - - - - - - - -
[  5]   4.00-5.00   sec  61.4 MBytes   515 Mbits/sec    0    423 KBytes       
[  7]   4.00-5.00   sec  51.1 MBytes   429 Mbits/sec    0    362 KBytes       
[SUM]   4.00-5.00   sec   113 MBytes   944 Mbits/sec    0             
- - - - - - - - - - - - - - - - - - - - - - - - -
[  5]   5.00-6.00   sec  61.0 MBytes   512 Mbits/sec    0    443 KBytes       
[  7]   5.00-6.00   sec  51.0 MBytes   427 Mbits/sec    0    362 KBytes       
[SUM]   5.00-6.00   sec   112 MBytes   939 Mbits/sec    0             
- - - - - - - - - - - - - - - - - - - - - - - - -
[  5]   6.00-7.00   sec  59.8 MBytes   501 Mbits/sec    0    443 KBytes       
[  7]   6.00-7.00   sec  53.4 MBytes   448 Mbits/sec    0    380 KBytes       
[SUM]   6.00-7.00   sec   113 MBytes   949 Mbits/sec    0             
- - - - - - - - - - - - - - - - - - - - - - - - -
[  5]   7.00-8.00   sec  59.7 MBytes   501 Mbits/sec    0    443 KBytes       
[  7]   7.00-8.00   sec  51.5 MBytes   432 Mbits/sec    0    380 KBytes       
[SUM]   7.00-8.00   sec   111 MBytes   933 Mbits/sec    0             
- - - - - - - - - - - - - - - - - - - - - - - - -
[  5]   8.00-9.00   sec  57.7 MBytes   484 Mbits/sec    0    443 KBytes       
[  7]   8.00-9.00   sec  54.7 MBytes   459 Mbits/sec    0    380 KBytes       
[SUM]   8.00-9.00   sec   112 MBytes   944 Mbits/sec    0             
- - - - - - - - - - - - - - - - - - - - - - - - -
[  5]   9.00-10.00  sec  56.9 MBytes   477 Mbits/sec    0    443 KBytes       
[  7]   9.00-10.00  sec  55.9 MBytes   469 Mbits/sec    0    445 KBytes       
[SUM]   9.00-10.00  sec   113 MBytes   946 Mbits/sec    0             
- - - - - - - - - - - - - - - - - - - - - - - - -
[ ID] Interval           Transfer     Bitrate         Retr
[  5]   0.00-10.00  sec   615 MBytes   516 Mbits/sec    0             sender
[  5]   0.00-10.00  sec   613 MBytes   514 Mbits/sec                  receiver
[  7]   0.00-10.00  sec   511 MBytes   429 Mbits/sec    0             sender
[  7]   0.00-10.00  sec   509 MBytes   427 Mbits/sec                  receiver
[SUM]   0.00-10.00  sec  1.10 GBytes   945 Mbits/sec    0             sender
[SUM]   0.00-10.00  sec  1.10 GBytes   941 Mbits/sec                  receiver

iperf Done.
make[1]: Leaving directory '/home/user/Desktop/router-throughput-test'
make[1]: Entering directory '/home/user/Desktop/router-throughput-test'
iperf3 --client 10.100.10.1 --parallel 2 --bidir
Connecting to host 10.100.10.1, port 5201
[  5] local 10.100.10.145 port 36428 connected to 10.100.10.1 port 5201
[  7] local 10.100.10.145 port 36430 connected to 10.100.10.1 port 5201
[  9] local 10.100.10.145 port 36432 connected to 10.100.10.1 port 5201
[ 11] local 10.100.10.145 port 36434 connected to 10.100.10.1 port 5201
[ ID][Role] Interval           Transfer     Bitrate         Retr  Cwnd
[  5][TX-C]   0.00-1.00   sec  60.6 MBytes   508 Mbits/sec    0    561 KBytes       
[  7][TX-C]   0.00-1.00   sec  51.1 MBytes   429 Mbits/sec    0    447 KBytes       
[SUM][TX-C]   0.00-1.00   sec   112 MBytes   937 Mbits/sec    0             
[  9][RX-C]   0.00-1.00   sec  52.0 MBytes   436 Mbits/sec                  
[ 11][RX-C]   0.00-1.00   sec  51.0 MBytes   427 Mbits/sec                  
[SUM][RX-C]   0.00-1.00   sec   103 MBytes   864 Mbits/sec                  
- - - - - - - - - - - - - - - - - - - - - - - - -
[  5][TX-C]   1.00-2.00   sec  62.1 MBytes   521 Mbits/sec    0    614 KBytes       
[  7][TX-C]   1.00-2.00   sec  48.7 MBytes   409 Mbits/sec    0    491 KBytes       
[SUM][TX-C]   1.00-2.00   sec   111 MBytes   930 Mbits/sec    0             
[  9][RX-C]   1.00-2.00   sec  52.5 MBytes   440 Mbits/sec                  
[ 11][RX-C]   1.00-2.00   sec  49.7 MBytes   417 Mbits/sec                  
[SUM][RX-C]   1.00-2.00   sec   102 MBytes   857 Mbits/sec                  
- - - - - - - - - - - - - - - - - - - - - - - - -
[  5][TX-C]   2.00-3.00   sec  64.9 MBytes   544 Mbits/sec    0    642 KBytes       
[  7][TX-C]   2.00-3.00   sec  46.5 MBytes   390 Mbits/sec    0    515 KBytes       
[SUM][TX-C]   2.00-3.00   sec   111 MBytes   935 Mbits/sec    0             
[  9][RX-C]   2.00-3.00   sec  50.6 MBytes   424 Mbits/sec                  
[ 11][RX-C]   2.00-3.00   sec  52.0 MBytes   436 Mbits/sec                  
[SUM][RX-C]   2.00-3.00   sec   103 MBytes   860 Mbits/sec                  
- - - - - - - - - - - - - - - - - - - - - - - - -
[  5][TX-C]   3.00-4.01   sec  63.8 MBytes   531 Mbits/sec    0    642 KBytes       
[  7][TX-C]   3.00-4.01   sec  45.7 MBytes   381 Mbits/sec    0    515 KBytes       
[SUM][TX-C]   3.00-4.01   sec   109 MBytes   912 Mbits/sec    0             
[  9][RX-C]   3.00-4.01   sec  49.9 MBytes   415 Mbits/sec                  
[ 11][RX-C]   3.00-4.01   sec  51.0 MBytes   425 Mbits/sec                  
[SUM][RX-C]   3.00-4.01   sec   101 MBytes   840 Mbits/sec                  
- - - - - - - - - - - - - - - - - - - - - - - - -
[  5][TX-C]   4.01-5.00   sec  62.5 MBytes   528 Mbits/sec    0    642 KBytes       
[  7][TX-C]   4.01-5.00   sec  48.7 MBytes   412 Mbits/sec    0    540 KBytes       
[SUM][TX-C]   4.01-5.00   sec   111 MBytes   940 Mbits/sec    0             
[  9][RX-C]   4.01-5.00   sec  51.8 MBytes   438 Mbits/sec                  
[ 11][RX-C]   4.01-5.00   sec  52.0 MBytes   439 Mbits/sec                  
[SUM][RX-C]   4.01-5.00   sec   104 MBytes   878 Mbits/sec                  
- - - - - - - - - - - - - - - - - - - - - - - - -
[  5][TX-C]   5.00-6.00   sec  67.5 MBytes   566 Mbits/sec    0    684 KBytes       
[  7][TX-C]   5.00-6.00   sec  45.3 MBytes   380 Mbits/sec    0    540 KBytes       
[SUM][TX-C]   5.00-6.00   sec   113 MBytes   945 Mbits/sec    0             
[  9][RX-C]   5.00-6.00   sec  51.5 MBytes   432 Mbits/sec                  
[ 11][RX-C]   5.00-6.00   sec  51.5 MBytes   432 Mbits/sec                  
[SUM][RX-C]   5.00-6.00   sec   103 MBytes   864 Mbits/sec                  
- - - - - - - - - - - - - - - - - - - - - - - - -
[  5][TX-C]   6.00-7.00   sec  66.2 MBytes   556 Mbits/sec    0    684 KBytes       
[  7][TX-C]   6.00-7.00   sec  44.1 MBytes   370 Mbits/sec    0    540 KBytes       
[SUM][TX-C]   6.00-7.00   sec   110 MBytes   927 Mbits/sec    0             
[  9][RX-C]   6.00-7.00   sec  51.4 MBytes   432 Mbits/sec                  
[ 11][RX-C]   6.00-7.00   sec  51.6 MBytes   433 Mbits/sec                  
[SUM][RX-C]   6.00-7.00   sec   103 MBytes   865 Mbits/sec                  
- - - - - - - - - - - - - - - - - - - - - - - - -
[  5][TX-C]   7.00-8.00   sec  66.2 MBytes   556 Mbits/sec    0    684 KBytes       
[  7][TX-C]   7.00-8.00   sec  44.2 MBytes   371 Mbits/sec    0    540 KBytes       
[SUM][TX-C]   7.00-8.00   sec   110 MBytes   927 Mbits/sec    0             
[  9][RX-C]   7.00-8.00   sec  50.9 MBytes   427 Mbits/sec                  
[ 11][RX-C]   7.00-8.00   sec  51.8 MBytes   434 Mbits/sec                  
[SUM][RX-C]   7.00-8.00   sec   103 MBytes   861 Mbits/sec                  
- - - - - - - - - - - - - - - - - - - - - - - - -
[  5][TX-C]   8.00-9.00   sec  66.2 MBytes   555 Mbits/sec    0    684 KBytes       
[  7][TX-C]   8.00-9.00   sec  45.6 MBytes   382 Mbits/sec    0    540 KBytes       
[SUM][TX-C]   8.00-9.00   sec   112 MBytes   938 Mbits/sec    0             
[  9][RX-C]   8.00-9.00   sec  50.5 MBytes   424 Mbits/sec                  
[ 11][RX-C]   8.00-9.00   sec  52.0 MBytes   436 Mbits/sec                  
[SUM][RX-C]   8.00-9.00   sec   103 MBytes   860 Mbits/sec                  
- - - - - - - - - - - - - - - - - - - - - - - - -
[  5][TX-C]   9.00-10.00  sec  65.0 MBytes   546 Mbits/sec    0    684 KBytes       
[  7][TX-C]   9.00-10.00  sec  44.6 MBytes   374 Mbits/sec    0    540 KBytes       
[SUM][TX-C]   9.00-10.00  sec   110 MBytes   920 Mbits/sec    0             
[  9][RX-C]   9.00-10.00  sec  51.0 MBytes   428 Mbits/sec                  
[ 11][RX-C]   9.00-10.00  sec  52.0 MBytes   437 Mbits/sec                  
[SUM][RX-C]   9.00-10.00  sec   103 MBytes   864 Mbits/sec                  
- - - - - - - - - - - - - - - - - - - - - - - - -
[ ID][Role] Interval           Transfer     Bitrate         Retr
[  5][TX-C]   0.00-10.00  sec   645 MBytes   541 Mbits/sec    0             sender
[  5][TX-C]   0.00-10.00  sec   643 MBytes   539 Mbits/sec                  receiver
[  7][TX-C]   0.00-10.00  sec   465 MBytes   390 Mbits/sec    0             sender
[  7][TX-C]   0.00-10.00  sec   462 MBytes   387 Mbits/sec                  receiver
[SUM][TX-C]   0.00-10.00  sec  1.08 GBytes   931 Mbits/sec    0             sender
[SUM][TX-C]   0.00-10.00  sec  1.08 GBytes   927 Mbits/sec                  receiver
[  9][RX-C]   0.00-10.00  sec   516 MBytes   432 Mbits/sec    0             sender
[  9][RX-C]   0.00-10.00  sec   512 MBytes   430 Mbits/sec                  receiver
[ 11][RX-C]   0.00-10.00  sec   518 MBytes   434 Mbits/sec    0             sender
[ 11][RX-C]   0.00-10.00  sec   515 MBytes   432 Mbits/sec                  receiver
[SUM][RX-C]   0.00-10.00  sec  1.01 GBytes   867 Mbits/sec    0             sender
[SUM][RX-C]   0.00-10.00  sec  1.00 GBytes   861 Mbits/sec                  receiver

iperf Done.
make[1]: Leaving directory '/home/user/Desktop/router-throughput-test'
make[1]: Entering directory '/home/user/Desktop/router-throughput-test'
iperf3 --client 10.100.10.1 --parallel 2 --reverse
Connecting to host 10.100.10.1, port 5201
Reverse mode, remote host 10.100.10.1 is sending
[  5] local 10.100.10.145 port 36438 connected to 10.100.10.1 port 5201
[  7] local 10.100.10.145 port 36440 connected to 10.100.10.1 port 5201
[ ID] Interval           Transfer     Bitrate
[  5]   0.00-1.00   sec  46.0 MBytes   386 Mbits/sec                  
[  7]   0.00-1.00   sec  65.0 MBytes   545 Mbits/sec                  
[SUM]   0.00-1.00   sec   111 MBytes   932 Mbits/sec                  
- - - - - - - - - - - - - - - - - - - - - - - - -
[  5]   1.00-2.00   sec  58.6 MBytes   492 Mbits/sec                  
[  7]   1.00-2.00   sec  52.3 MBytes   439 Mbits/sec                  
[SUM]   1.00-2.00   sec   111 MBytes   930 Mbits/sec                  
- - - - - - - - - - - - - - - - - - - - - - - - -
[  5]   2.00-3.00   sec  59.6 MBytes   500 Mbits/sec                  
[  7]   2.00-3.00   sec  51.6 MBytes   433 Mbits/sec                  
[SUM]   2.00-3.00   sec   111 MBytes   933 Mbits/sec                  
- - - - - - - - - - - - - - - - - - - - - - - - -
[  5]   3.00-4.00   sec  58.8 MBytes   492 Mbits/sec                  
[  7]   3.00-4.00   sec  52.5 MBytes   440 Mbits/sec                  
[SUM]   3.00-4.00   sec   111 MBytes   932 Mbits/sec                  
- - - - - - - - - - - - - - - - - - - - - - - - -
[  5]   4.00-5.00   sec  58.8 MBytes   494 Mbits/sec                  
[  7]   4.00-5.00   sec  52.3 MBytes   439 Mbits/sec                  
[SUM]   4.00-5.00   sec   111 MBytes   933 Mbits/sec                  
- - - - - - - - - - - - - - - - - - - - - - - - -
[  5]   5.00-6.00   sec  56.2 MBytes   472 Mbits/sec                  
[  7]   5.00-6.00   sec  54.4 MBytes   456 Mbits/sec                  
[SUM]   5.00-6.00   sec   111 MBytes   928 Mbits/sec                  
- - - - - - - - - - - - - - - - - - - - - - - - -
[  5]   6.00-7.00   sec  55.7 MBytes   468 Mbits/sec                  
[  7]   6.00-7.00   sec  55.5 MBytes   465 Mbits/sec                  
[SUM]   6.00-7.00   sec   111 MBytes   933 Mbits/sec                  
- - - - - - - - - - - - - - - - - - - - - - - - -
[  5]   7.00-8.00   sec  55.8 MBytes   468 Mbits/sec                  
[  7]   7.00-8.00   sec  55.4 MBytes   465 Mbits/sec                  
[SUM]   7.00-8.00   sec   111 MBytes   933 Mbits/sec                  
- - - - - - - - - - - - - - - - - - - - - - - - -
[  5]   8.00-9.00   sec  56.9 MBytes   477 Mbits/sec                  
[  7]   8.00-9.00   sec  54.1 MBytes   453 Mbits/sec                  
[SUM]   8.00-9.00   sec   111 MBytes   931 Mbits/sec                  
- - - - - - - - - - - - - - - - - - - - - - - - -
[  5]   9.00-10.00  sec  56.7 MBytes   475 Mbits/sec                  
[  7]   9.00-10.00  sec  54.6 MBytes   458 Mbits/sec                  
[SUM]   9.00-10.00  sec   111 MBytes   933 Mbits/sec                  
- - - - - - - - - - - - - - - - - - - - - - - - -
[ ID] Interval           Transfer     Bitrate         Retr
[  5]   0.00-10.00  sec   565 MBytes   474 Mbits/sec    0             sender
[  5]   0.00-10.00  sec   563 MBytes   472 Mbits/sec                  receiver
[  7]   0.00-10.00  sec   550 MBytes   461 Mbits/sec    0             sender
[  7]   0.00-10.00  sec   548 MBytes   459 Mbits/sec                  receiver
[SUM]   0.00-10.00  sec  1.09 GBytes   936 Mbits/sec    0             sender
[SUM]   0.00-10.00  sec  1.08 GBytes   932 Mbits/sec                  receiver

iperf Done.
make[1]: Leaving directory '/home/user/Desktop/router-throughput-test'
make[1]: Entering directory '/home/user/Desktop/router-throughput-test'
iperf3 --client 10.100.10.1 --parallel 2
Connecting to host 10.100.10.1, port 5201
[  5] local 10.100.10.145 port 36444 connected to 10.100.10.1 port 5201
[  7] local 10.100.10.145 port 36446 connected to 10.100.10.1 port 5201
[ ID] Interval           Transfer     Bitrate         Retr  Cwnd
[  5]   0.00-1.00   sec  68.7 MBytes   576 Mbits/sec    0    352 KBytes       
[  7]   0.00-1.00   sec  46.1 MBytes   386 Mbits/sec    0    281 KBytes       
[SUM]   0.00-1.00   sec   115 MBytes   962 Mbits/sec    0             
- - - - - - - - - - - - - - - - - - - - - - - - -
[  5]   1.00-2.00   sec  66.5 MBytes   558 Mbits/sec    0    368 KBytes       
[  7]   1.00-2.00   sec  46.2 MBytes   388 Mbits/sec    0    341 KBytes       
[SUM]   1.00-2.00   sec   113 MBytes   946 Mbits/sec    0             
- - - - - - - - - - - - - - - - - - - - - - - - -
[  5]   2.00-3.00   sec  59.2 MBytes   496 Mbits/sec    0    368 KBytes       
[  7]   2.00-3.00   sec  53.4 MBytes   448 Mbits/sec    0    356 KBytes       
[SUM]   2.00-3.00   sec   113 MBytes   944 Mbits/sec    0             
- - - - - - - - - - - - - - - - - - - - - - - - -
[  5]   3.00-4.00   sec  58.3 MBytes   489 Mbits/sec    0    368 KBytes       
[  7]   3.00-4.00   sec  54.4 MBytes   457 Mbits/sec    0    356 KBytes       
[SUM]   3.00-4.00   sec   113 MBytes   946 Mbits/sec    0             
- - - - - - - - - - - - - - - - - - - - - - - - -
[  5]   4.00-5.00   sec  53.3 MBytes   447 Mbits/sec    0    368 KBytes       
[  7]   4.00-5.00   sec  58.4 MBytes   490 Mbits/sec    0    390 KBytes       
[SUM]   4.00-5.00   sec   112 MBytes   937 Mbits/sec    0             
- - - - - - - - - - - - - - - - - - - - - - - - -
[  5]   5.00-6.00   sec  51.9 MBytes   435 Mbits/sec    0    368 KBytes       
[  7]   5.00-6.00   sec  60.8 MBytes   510 Mbits/sec    0    409 KBytes       
[SUM]   5.00-6.00   sec   113 MBytes   945 Mbits/sec    0             
- - - - - - - - - - - - - - - - - - - - - - - - -
[  5]   6.00-7.00   sec  54.6 MBytes   458 Mbits/sec    0    387 KBytes       
[  7]   6.00-7.00   sec  58.3 MBytes   489 Mbits/sec    0    409 KBytes       
[SUM]   6.00-7.00   sec   113 MBytes   947 Mbits/sec    0             
- - - - - - - - - - - - - - - - - - - - - - - - -
[  5]   7.00-8.00   sec  54.9 MBytes   461 Mbits/sec    0    387 KBytes       
[  7]   7.00-8.00   sec  57.2 MBytes   480 Mbits/sec    0    409 KBytes       
[SUM]   7.00-8.00   sec   112 MBytes   940 Mbits/sec    0             
- - - - - - - - - - - - - - - - - - - - - - - - -
[  5]   8.00-9.00   sec  54.5 MBytes   457 Mbits/sec    0    387 KBytes       
[  7]   8.00-9.00   sec  56.7 MBytes   476 Mbits/sec    0    409 KBytes       
[SUM]   8.00-9.00   sec   111 MBytes   933 Mbits/sec    0             
- - - - - - - - - - - - - - - - - - - - - - - - -
[  5]   9.00-10.00  sec  54.4 MBytes   456 Mbits/sec    0    387 KBytes       
[  7]   9.00-10.00  sec  58.8 MBytes   494 Mbits/sec    0    409 KBytes       
[SUM]   9.00-10.00  sec   113 MBytes   950 Mbits/sec    0             
- - - - - - - - - - - - - - - - - - - - - - - - -
[ ID] Interval           Transfer     Bitrate         Retr
[  5]   0.00-10.00  sec   576 MBytes   483 Mbits/sec    0             sender
[  5]   0.00-10.00  sec   574 MBytes   481 Mbits/sec                  receiver
[  7]   0.00-10.00  sec   550 MBytes   462 Mbits/sec    0             sender
[  7]   0.00-10.00  sec   548 MBytes   460 Mbits/sec                  receiver
[SUM]   0.00-10.00  sec  1.10 GBytes   945 Mbits/sec    0             sender
[SUM]   0.00-10.00  sec  1.10 GBytes   941 Mbits/sec                  receiver

iperf Done.
make[1]: Leaving directory '/home/user/Desktop/router-throughput-test'
